[LOG] System::create                           : Header version = 2.02.15. Current version = 2.02.15.
[LOG] Manager::init                            : maxchannels = 256 studioflags = 00000006 flags 00000000 extradriverdata 0000000000000000.
[LOG] SystemI::init                            : Initialize version=20215 (134211), maxchannels=256, flags=0x00020000
[LOG] SystemI::setOutputInternal               : Setting output to 'FMOD WASAPI Output'
[LOG] OutputWASAPI::init                       : Mix Format (WAVEFORMATEX): wFormatTag=0xFFFE, nChannels=8, nSamplesPerSec=44100, nAvgBytesPerSec=1411200, nBlockAlign=32, wBitsPerSample=32, cbSize=22.
[LOG] OutputWASAPI::init                       : Mix Format (WAVEFORMATEXTENSIBLE): wValidBitsPerSample=32, dwChannelMask=0x0000063F, SubFormat=00000003-0000-0010-8000-00AA00389B71.
[LOG] OutputWASAPI::init                       : Output buffer size: 3760 samples, latency: 0.00ms, period: 10.00ms, DSP buffer: 1024 * 4
[LOG] SystemI::init                            : Output requires a sample rate of 44100Hz, resampling will occur.
[LOG] DownMix::init                            : dspbuffersize: 1024  rate: 48000. output speaker mode: 7, input speaker mode 3
[LOG] DownMix::init                            : done.
[LOG] Thread::initThread                       : Init FMOD stream thread. Affinity: 0x4000000000000003, Priority: 0xFFFF7FFB, Stack Size: 98304, Semaphore: No, Sleep Time: 10, Looping: Yes.
[LOG] Thread::initThread                       : Init FMOD mixer thread. Affinity: 0x4000000000000001, Priority: 0xFFFF7FFA, Stack Size: 81920, Semaphore: No, Sleep Time: 0, Looping: Yes.
[LOG] AsyncManager::init                       : manager 00000222CF6B2F28 isAsync 0 updatePeriod 0.02
[LOG] AsyncManager::init                       : done
[LOG] PlaybackSystem::init                     : 
[LOG] Thread::initThread                       : Init FMOD Studio sample load thread. Affinity: 0x4000000000000003, Priority: 0xFFFF7FFD, Stack Size: 98304, Semaphore: No, Sleep Time: 1, Looping: No.
[LOG] PlaybackSystem::init                     : done
[LOG] Thread::initThread                       : Init FMOD Studio bank load thread. Affinity: 0x4000000000000003, Priority: 0xFFFF7FFD, Stack Size: 98304, Semaphore: No, Sleep Time: 1, Looping: No.
[LOG] Manager::init                            : done.
[LOG] Manager::readBank                        : fileversion = 142, compatVersion = 140 (oldest = 44, newest = 142)
[LOG] Manager::readBank                        : fileversion = 142, compatVersion = 140 (oldest = 44, newest = 142)
[LOG] PlaybackSystem::acquireMasterBus         : Setting master channel group format to 6
[LOG] SystemI::mixerSuspend                    : Suspending output.
[LOG] SystemI::mixerResume                     : Resuming output.
[LOG] SystemI::mixerSuspend                    : Suspending output.
[LOG] AsyncThread::add                         : add sound to async queue : soundi = 00000221F59D8C88, queue head = 00000221F752A988, queue count = 0
[LOG] AsyncThread::threadFunc                  : Starting Asynchronous operation on sound 00000221F59D8C88
[LOG] AsyncThread::threadFunc                  : Finished Asynchronous operation on sound 00000221F59D8C88
[LOG] SystemI::mixerResume                     : Resuming output.
[LOG] AsyncThread::add                         : add sound to async queue : soundi = 00000221F59D8C88, queue head = 00000221F752A988, queue count = 0
[LOG] AsyncThread::threadFunc                  : Starting Asynchronous operation on sound 00000221F59D8C88
[LOG] AsyncThread::threadFunc                  : Finished Asynchronous operation on sound 00000221F59D8C88
[LOG] SoundI::release                          : Menu Ambience (00000221F59DB868)
[LOG] SoundI::release                          :     Menu Ambience (00000221FFB405F8)
[LOG] SoundI::release                          :     Menu Ambience (00000221F59D8C88)
[LOG] SoundI::release                          :  (00000222DBB91158)
[LOG] SoundI::release                          :     Подсчет очков в конце матча (00000222CF097F48)
[LOG] SoundI::release                          :  (00000222DBB91888)
[LOG] SoundI::release                          :     Конец подсчета очков (00000222CF098428)
[LOG] SoundI::release                          :  (00000222CF091018)
[LOG] SoundI::release                          :     STUN-1 (00000221FFB40938)
[LOG] SoundI::release                          :  (00000222DAFF61A8)
[LOG] SoundI::release                          :     ENd (00000221FFB3FF78)
[LOG] SoundI::release                          :  (00000222DAFF5A78)
[LOG] SoundI::release                          :     Меню клик (00000221FFB3FC38)
[LOG] SoundI::release                          :  (00000222CF08F638)
[LOG] SoundI::release                          :     Комп1 (00000221FFB417D8)
[LOG] SoundI::release                          :  (00000222DBB91B68)
[LOG] SoundI::release                          :     Стол (0000022003A3EC58)
[LOG] SoundI::release                          :  (00000222CF08FA88)
[LOG] SoundI::release                          :     Фишка (0000022003A3E0F8)
[LOG] SoundI::release                          :  (00000222DBB90748)
[LOG] SoundI::release                          :     Будильник-1 (00000222CF0978C8)
[LOG] Thread::callback                         : FMOD Studio update thread finished.
[LOG] Thread::callback                         : FMOD Studio bank load thread finished.
[LOG] Thread::callback                         : FMOD Studio sample load thread finished.
[LOG] LiveUpdate::release                      : 
[LOG] LiveUpdate::reset                        : Reset connection (reason Disconnected)
[LOG] Thread::callback                         : FMOD stream thread finished.
[LOG] Thread::callback                         : FMOD mixer thread finished.
[LOG] SystemI::close                           : Closed.
[LOG] Manager::readBank                        : fileversion = 142, compatVersion = 140 (oldest = 44, newest = 142)
[LOG] Manager::readBank                        : fileversion = 142, compatVersion = 140 (oldest = 44, newest = 142)
[LOG] PlaybackSystem::acquireMasterBus         : Setting master channel group format to 6
[LOG] SystemI::createSound                     : filename = Assets/Sounds/FMOD/UC/Build/Desktop/Main.bank : mode 02010082
[LOG] SystemI::createSound                     : FMOD_NONBLOCKING specified.  Putting into queue to be opened asynchronously!
[LOG] AsyncThread::add                         : add sound to async queue : soundi = 000002229618A8D8, queue head = 00000221F752A988, queue count = 0
[LOG] AsyncThread::threadFunc                  : Starting Asynchronous operation on sound 000002229618A8D8
[LOG] SystemI::createSoundInternal             :     Create name='Assets/Sounds/FMOD/UC/Build/Desktop/Main.bank', mode=0x02010082
[LOG] SystemI::createSoundInternal             :     exinfo->cbsize             = 224
[LOG] SystemI::createSoundInternal             :     exinfo->length             = 3870144
[LOG] SystemI::createSoundInternal             :     exinfo->fileoffset         = 29280
[LOG] SystemI::createSoundInternal             :     exinfo->numsubsounds       = 1
[LOG] SystemI::createSoundInternal             :     exinfo->inclusionlist      = 00000222DBABE750
[LOG] SystemI::createSoundInternal             :     exinfo->inclusionlistnum   = 1
[LOG] SystemI::createSoundInternal             :     exinfo->suggestedsoundtype = 5
[LOG] SystemI::createSoundInternal             :     exinfo->initialseekpostype = 1
[LOG] SystemI::createSoundInternal             :     Stream 0/1: name='Music', format=5, channels=2, frequency=48000, lengthbytes=1789280, lengthpcm=6181464, pcmblocksize=0, loopstart=0, loopend=0, mode=0x00000000, channelmask=0x00000000, channelorder=0, peakvolume=0.723145.
[LOG] AsyncThread::threadFunc                  : Finished Asynchronous operation on sound 000002229618A8D8
[LOG] SystemI::createSound                     : filename = Assets/Sounds/FMOD/UC/Build/Desktop/Main.bank : mode 02010082
[LOG] SystemI::createSound                     : FMOD_NONBLOCKING specified.  Putting into queue to be opened asynchronously!
[LOG] AsyncThread::add                         : add sound to async queue : soundi = 000002229618CA98, queue head = 00000221F752A988, queue count = 0
[LOG] AsyncThread::threadFunc                  : Starting Asynchronous operation on sound 000002229618CA98
[LOG] SystemI::createSoundInternal             :     Create name='Assets/Sounds/FMOD/UC/Build/Desktop/Main.bank', mode=0x02010082
[LOG] SystemI::createSoundInternal             :     exinfo->cbsize             = 224
[LOG] SystemI::createSoundInternal             :     exinfo->length             = 3870144
[LOG] SystemI::createSoundInternal             :     exinfo->fileoffset         = 29280
[LOG] SystemI::createSoundInternal             :     exinfo->numsubsounds       = 1
[LOG] SystemI::createSoundInternal             :     exinfo->inclusionlist      = 00000222DBB8E5B0
[LOG] SystemI::createSoundInternal             :     exinfo->inclusionlistnum   = 1
[LOG] SystemI::createSoundInternal             :     exinfo->suggestedsoundtype = 5
[LOG] SystemI::createSoundInternal             :     exinfo->initialseekpostype = 1
[LOG] SystemI::createSoundInternal             :     Stream 0/1: name='Music', format=5, channels=2, frequency=48000, lengthbytes=1789280, lengthpcm=6181464, pcmblocksize=0, loopstart=0, loopend=0, mode=0x00000000, channelmask=0x00000000, channelorder=0, peakvolume=0.723145.
[LOG] AsyncThread::threadFunc                  : Finished Asynchronous operation on sound 000002229618CA98
[LOG] SoundI::release                          : Music (000002229618A8D8)
[LOG] SoundI::release                          :     Music (0000022003A3E438)
[LOG] SoundI::release                          :     Music (000002229618E3E8)
[LOG] SoundI::release                          : Music (000002229618CA98)
[LOG] SoundI::release                          :     Music (0000022003A3EC58)
[LOG] SoundI::release                          :     Music (000002229618A3C8)
[LOG] Thread::callback                         : FMOD Studio bank load thread finished.
[LOG] Thread::callback                         : FMOD Studio sample load thread finished.
[LOG] LiveUpdate::release                      : 
[LOG] LiveUpdate::reset                        : Reset connection (reason Disconnected)
[LOG] Thread::callback                         : FMOD stream thread finished.
[LOG] Thread::callback                         : FMOD mixer thread finished.
[LOG] SystemI::close                           : Closed.
[LOG] Thread::callback                         : FMOD nonblocking thread (0) finished.
[LOG] Thread::callback                         : FMOD file thread finished.
